        -:    0:Source:src/basicos/bubble.c
        -:    0:Graph:testes_gcov-bubble.gcno
        -:    0:Data:testes_gcov-bubble.gcda
        -:    0:Runs:1
        -:    1:#include "bubble.h"
        -:    2:
        2:    3:void bubbleSort(int v[], int n, Estatisticas *stats)
        -:    4:{
       10:    5:    for (int i = 0; i < n - 1; i++)
        -:    6:    {
       28:    7:        for (int j = 0; j < n - i - 1; j++)
        -:    8:        {
       20:    9:            stats->comparacoes++;
        -:   10:
       20:   11:            if (v[j] > v[j + 1])
        -:   12:            {
       16:   13:                int temp = v[j];
       16:   14:                v[j] = v[j + 1];
       16:   15:                v[j + 1] = temp;
        -:   16:
       16:   17:                stats->trocas++;
        -:   18:            }
        -:   19:        }
        -:   20:    }
        2:   21:}
