        -:    0:Source:src/basicos/insertion.c
        -:    0:Graph:testes_gcov-insertion.gcno
        -:    0:Data:testes_gcov-insertion.gcda
        -:    0:Runs:1
        -:    1:#include "insertion.h"
        -:    2:
        2:    3:void insertionSort(int v[], int n, Estatisticas *stats)
        -:    4:{
       10:    5:    for (int i = 1; i < n; i++)
        -:    6:    {
        8:    7:        int atual = v[i];
        8:    8:        int j = i - 1;
        -:    9:
       24:   10:        while (j >= 0)
        -:   11:        {
       18:   12:            stats->comparacoes++;
        -:   13:
       18:   14:            if (v[j] > atual)
        -:   15:            {
       16:   16:                v[j + 1] = v[j];
        -:   17:
       16:   18:                stats->trocas++;
        -:   19:
       16:   20:                j--;
        -:   21:            }
        -:   22:            else
        -:   23:            {
        2:   24:                break;
        -:   25:            }
        -:   26:        }
        -:   27:
        8:   28:        v[j + 1] = atual;
        -:   29:    }
        2:   30:}
