        -:    0:Source:src/avancados/merge.c
        -:    0:Graph:testes_gcov-merge.gcno
        -:    0:Data:testes_gcov-merge.gcda
        -:    0:Runs:1
        -:    1:#include "merge.h"
        -:    2:
        8:    3:void merge(int v[], int inicio, int meio, int fim)
        8:    4:{
        -:    5:
        8:    6:    int tamanho1 = meio - inicio + 1;
        8:    7:    int tamanho2 = fim - meio;
        -:    8:
        8:    9:    int esquerda[tamanho1];
        8:   10:    int direita[tamanho2];
        -:   11:
       22:   12:    for (int i = 0; i < tamanho1; i++)
        -:   13:    {
       14:   14:        esquerda[i] = v[inicio + i];
        -:   15:    }
        -:   16:
       18:   17:    for (int j = 0; j < tamanho2; j++)
        -:   18:    {
       10:   19:        direita[j] = v[meio + 1 + j];
        -:   20:    }
        -:   21:
        8:   22:    int i = 0;
        8:   23:    int j = 0;
        8:   24:    int k = inicio;
        -:   25:
       20:   26:    while (i < tamanho1 && j < tamanho2)
        -:   27:    {
        -:   28:
       12:   29:        if (esquerda[i] <= direita[j])
        -:   30:        {
        4:   31:            v[k] = esquerda[i];
        4:   32:            i++;
        -:   33:        }
        -:   34:        else
        -:   35:        {
        8:   36:            v[k] = direita[j];
        8:   37:            j++;
        -:   38:        }
        -:   39:
       12:   40:        k++;
        -:   41:    }
        -:   42:
       18:   43:    while (i < tamanho1)
        -:   44:    {
       10:   45:        v[k] = esquerda[i];
       10:   46:        i++;
       10:   47:        k++;
        -:   48:    }
        -:   49:
       10:   50:    while (j < tamanho2)
        -:   51:    {
        2:   52:        v[k] = direita[j];
        2:   53:        j++;
        2:   54:        k++;
        -:   55:    }
        8:   56:}
        -:   57:
       18:   58:void mergeSort(int v[], int inicio, int fim)
        -:   59:{
        -:   60:
       18:   61:    if (inicio < fim)
        -:   62:    {
        -:   63:
        8:   64:        int meio = inicio + (fim - inicio) / 2;
        -:   65:
        8:   66:        mergeSort(v, inicio, meio);
        -:   67:
        8:   68:        mergeSort(v, meio + 1, fim);
        -:   69:
        8:   70:        merge(v, inicio, meio, fim);
        -:   71:    }
       18:   72:}
