        -:    0:Source:src/avancados/quick.c
        -:    0:Graph:testes_gcov-quick.gcno
        -:    0:Data:testes_gcov-quick.gcda
        -:    0:Runs:1
        -:    1:#include "quick.h"
        -:    2:
        7:    3:int particao(int v[], int inicio, int fim, Estatisticas *stats)
        -:    4:{
        7:    5:    int pivo = v[fim];
        -:    6:
        7:    7:    int i = inicio - 1;
        -:    8:
       23:    9:    for (int j = inicio; j < fim; j++)
        -:   10:    {
       16:   11:        stats->comparacoes++;
        -:   12:
       16:   13:        if (v[j] < pivo)
        -:   14:        {
        7:   15:            i++;
        -:   16:
        7:   17:            int temp = v[i];
        7:   18:            v[i] = v[j];
        7:   19:            v[j] = temp;
        -:   20:
        7:   21:            stats->trocas++;
        -:   22:        }
        -:   23:    }
        -:   24:
        7:   25:    int temp = v[i + 1];
        7:   26:    v[i + 1] = v[fim];
        7:   27:    v[fim] = temp;
        7:   28:    stats->trocas++;
        -:   29:
        7:   30:    return i + 1;
        -:   31:}
        -:   32:
       16:   33:void quickSort(int v[], int inicio, int fim, Estatisticas *stats)
        -:   34:{
       16:   35:    if (inicio < fim)
        -:   36:    {
        7:   37:        int p = particao(v, inicio, fim, stats);
        -:   38:
        7:   39:        quickSort(v, inicio, p - 1, stats);
        7:   40:        quickSort(v, p + 1, fim, stats);
        -:   41:    }
       16:   42:}
