        -:    0:Source:src/basicos/selection.c
        -:    0:Graph:testes_gcov-selection.gcno
        -:    0:Data:testes_gcov-selection.gcda
        -:    0:Runs:1
        -:    1:#include "selection.h"
        -:    2:
        2:    3:void selectionSort(int v[], int n, Estatisticas *stats)
        -:    4:{
       10:    5:    for (int i = 0; i < n - 1; i++)
        -:    6:    {
        8:    7:        int menor = i;
        -:    8:
       28:    9:        for (int j = i + 1; j < n; j++)
        -:   10:        {
       20:   11:            stats->comparacoes++;
        -:   12:
       20:   13:            if (v[j] < v[menor])
        -:   14:            {
       10:   15:                menor = j;
        -:   16:            }
        -:   17:        }
        -:   18:
        8:   19:        if (menor != i)
        -:   20:        {
        4:   21:            int temp = v[i];
        4:   22:            v[i] = v[menor];
        4:   23:            v[menor] = temp;
        -:   24:
        4:   25:            stats->trocas++;
        -:   26:        }
        -:   27:    }
        2:   28:}
